账号1:
/submit_activity_codes jxfactory ZlO-pebGXhftq5J03VQJKg==&jDOS9NeUuGnLSvPvtfWJbg==&U-YaqX2fqfzFbeZdhNLoBg==&RP2VLPXh-W9uYXTLYbLjBQ==&L8a4nTSI1GJq_XrGuHjxeg==
/submit_activity_codes farm eed8a50f50a2407ba483b7f74d88da7e&a138819f79b64f18bb1fe23a9aad9e7d&3c88e6a635c142f2bbee7a0cf17a754f&0792756107fc43d590b88b7d54796ee9&12f465d77ecf472aad1d1bb2e5222a98
/submit_activity_codes bean e7lhibzb3zek2bijpx2qw5pyubuorephgjy2xay&mlrdw3aw26j3wqvwhipdujmlyyuolj3zj5w7o2q&e7lhibzb3zek3t3clas5sv3753da6jcjtrn7uli&olmijoxgmjutzdtn6e5a56ejiqwhhoajuqvw6xi&7yl36dz5bllgvdh6hl5wm5dnpm
/submit_activity_codes sgmh T0225KkcRB5Kp1yGKB33k6MCcgCjVQmoaT5kRrbA&T0225KkcRRsdpFGGKRj0xaMIdACjVQmoaT5kRrbA&T0225KkcRB4d8FTfJkunxf9edQCjVQmoaT5kRrbA&T0225KkcRhoa8laDIhv0kKNZdwCjVQmoaT5kRrbA&T0129rkiAUFZolPQCjVQmoaT5kRrbA
/submit_activity_codes ddfactory T0225KkcRB5Kp1yGKB33k6MCcgCjVWnYaS5kRrbA&T0225KkcRB4d8FTfJkunxf9edQCjVWnYaS5kRrbA&T0129rkiAUFZolPQCjVWnYaS5kRrbA&T0205KkcG3pjoQaQWnOu6ZBwCjVWnYaS5kRrbA&T0225KkcRRca9geFck_1l_UJfACjVWnYaS5kRrbA
/submit_activity_codes jxcfd 52AF72161FE71CEF3BF9A29C810B500FC6D0A1ACF386D8343853B6D097E1C8C3&35C484BE6D9A2A9E411E8D31A819D50F3458E074237AB54A4A3F2FD470957B0A&BFBD87B0C0E622EE29B69E8E02EB407AF02BFD7794A44672BCEF776C62257F62&1005668975D5A16ECEB85553F1F6C1723245B5D8E1D32D3AF8C8700965F78D4F&DD3CBC4446610A3C24B04BA26AD145F972EC4C50F15D65225DD435AB492B7734
/submit_activity_codes jdglobal SWZ6bHkvc0x5cS8za0hISUwveHgrMktrc214T3pkZGgrajBVN2JDb3dMcz0=&NU55WU14TElmRndSaHc0VHA5QzBnQjE3ZW9UdUFvOGI0YmF5ZGZ3c1ZTWT0=&d0p6QXQ1M0FTb0VvcktnKzk4cFlwREJwbWZTSWdvMHRHaWFLTkIyeU9TOD0=&ZUgvWGczbDNZUGxGQk5oVUg3S2FuVEtMcUNDUTdDd0xYRG12ZUpUT05NUT0=&UkdHMXlidXNzYmgxRE1iQ2IySDNnUT09
/submit_activity_codes city RtGKzOz3EwLydoSZEIA70P9IC9YIatCo-JYu-KbpH6L53mbD7g&RtGKzemgEA_yd4GaRoAx1oXpsaS_QqOBxAIrj96_uLJfUTDtug&RtGKzOygRAqreNLJRtxn15XsTRTbSSleL8pL4tc7gtzu8jsYrw&RtGKzuinRgj3fIKaE4Bg1WdmFZcTaSCaAThfKUCk7XeBNmYVQQ&VMG0ibPkFg2kMs_WF5h_mjDbZA_4EcPsPy7QUngu
/jdcash eU9YaOzhNPR3-WnWzCcb0A&eU9Yaem2N_l3-GzVmicR1g&eU9YaOy2Y_wu9z-GmntH1w&eU9YauixYf5y82_VzydA1Q&a19mLbPyMfsh
/jdzz S5KkcRB5Kp1yGKB33k6MCcg&S5KkcRRsdpFGGKRj0xaMIdA&S5KkcRB4d8FTfJkunxf9edQ&S5KkcRhoa8laDIhv0kKNZdw&S9rkiAUFZolPQ
账号2:
/submit_activity_codes jxfactory cLcIawFgWKIECx9lLaKu-w==&MQkuWc3cPT-lKk2LSX-c1w==&K2E60U5LgRniEfSODCz0Zw==&8N9ticwuZ1YIWalU8sCgwg==&ozZ0CyrYA5sY9ibV7Mezbg==
/submit_activity_codes farm d57715ac11754598b1f9c5f6b338ce32&e72776d09bd4486c9b66fbd026da9de1&3cb84ada5543426a9e43174702e60e1e&6c509e2b93ad44f29a0ddd44d5818441&125a36eb445547ed9c7e559bdc1641f0
/submit_activity_codes bean 7oivz2mjbmnx4rrbzsohjhlh7u2tqs6aiczw5wi&mlrdw3aw26j3wcc4ffutd4lwtcclbeq5m2e3oja&xyymddxmc3bvyic5w4vf2zc6s4&ucksbeipgupr677hlikjqn5sge&mh5uulbrvnknkr35hsbnvg77bclisfm6dbu43hy
/submit_activity_codes sgmh T0205KkcG3pjoQaQWnOu6ZBwCjVQmoaT5kRrbA&T0225KkcRRca9geFck_1l_UJfACjVQmoaT5kRrbA&T0149KUiHklLpAuFdQCjVQmoaT5kRrbA&T0107KQsQh4Y9wCjVQmoaT5kRrbA&T0205KkcBUNTgSWqZm6p3ZR8CjVQmoaT5kRrbA
/submit_activity_codes ddfactory T0149KUiHklLpAuFdQCjVWnYaS5kRrbA&T0107KQsQh4Y9wCjVWnYaS5kRrbA&T0205KkcBUNTgSWqZm6p3ZR8CjVWnYaS5kRrbA&T0205KkcBltLrDKpaGKT0YZRCjVWnYaS5kRrbA
/submit_activity_codes jxcfd 58658094758ACE6C03CC597250BFA75B9DF92F1849A7B038FB437533F3CA3041&6F269416112401A14ECF56C219BB860B6A32024DE479A070FBCC3E0BB29A38EC&2C73F8C34E428D79283530467C935F1BE0415C9358550812462D17D7627FD34A&E571EFD91A31D3A1FA817984FE7B4CF1137738679B888A45F2B30F5D01E7BAFA&B74ECE1DA86A4FB06BA9406CAC95D0D44DCE21489375E140124E44A66934A181
/submit_activity_codes jdglobal MGJERTcxdk5UQUJ6QjViRWNRYlJWQT09&SXFxd0JuU2oxcW93bUtxTUhHZHhWeFZJZTR6M0NTRjRxcjg2dWRjNjl5WT0=&WHlsdEdKSUJxUTJuYWxSbXVNTHB1UT09&ZS9kT2hRc0MwR2xvWERVNUF1ck9aZz09
/submit_activity_codes city RtGKzeWnQlnxLNabFNYw3mAgR-9FSscL1424GYAXqKCbT_p9bA&Vt20lrv2EFXxK8_WW9R_ms-en4dmmPUE_-Gh73rttw&Tty6yuylQ0bvMoPWW5hqiGYEfn-_V_4kG9skNQ
/jdcash eU9YN4jIMq5hiwePthRp&eU9YaeWxZa90ozvUyHEQ3g&aUNmMrvgN6N0pA&cUJobuyzZA&eU9YKbH4Eo1btxqIghBl
/jdzz S5KkcG3pjoQaQWnOu6ZBw&S5KkcRRca9geFck_1l_UJfA&S9KUiHklLpAuFdQ&S7KQsQh4Y9w&S5KkcBUNTgSWqZm6p3ZR8
账号3:
/submit_activity_codes farm 90006344831a4fde9c1fe8ba69fad342
/submit_activity_codes bean gou7sxm3hztwpj4szpwfcdrpvvgrt6nhtlinubq
/submit_activity_codes sgmh T0205KkcBltLrDKpaGKT0YZRCjVQmoaT5kRrbA
/submit_activity_codes jxcfd 92CC11D0D9E2A046678A50F82192CD14747959A7DB1B327122C78BA52756D389
/jdcash eU9YKqngP5pYuRayjgJI
/jdzz S5KkcBltLrDKpaGKT0YZR
