【京东账号1（jd_40cb8a8737d86）的5G超级盲盒好友互助码】bf4809ed-cce0-4820-bdba-5dc93f4400e9
【京东账号1（jd_40cb8a8737d86）的5G超级盲盒好友互助码】bf4809ed-cce0-4820-bdba-5dc93f4400e9提交成功
【京东账号2（jd_554a5a920ad20）的5G超级盲盒好友互助码】417aecdd-2ccd-4c0b-aa54-c861efe93512
【京东账号2（jd_554a5a920ad20）的5G超级盲盒好友互助码】417aecdd-2ccd-4c0b-aa54-c861efe93512提交成功
【京东账号3（jd_4045086aca8d1）的5G超级盲盒好友互助码】aba4da9b-52a3-49b1-af6f-24ceb25996cb
【京东账号3（jd_4045086aca8d1）的5G超级盲盒好友互助码】aba4da9b-52a3-49b1-af6f-24ceb25996cb提交成功
【京东账号4（jd_64372d2104dc3）的5G超级盲盒好友互助码】821cf32d-0650-4652-89bc-ee9960d04a09
【京东账号4（jd_64372d2104dc3）的5G超级盲盒好友互助码】821cf32d-0650-4652-89bc-ee9960d04a09提交成功
【京东账号5（xtaqopg77）的5G超级盲盒好友互助码】3a1db035-93ee-4e8d-8efa-a966c5c670be
【京东账号5（xtaqopg77）的5G超级盲盒好友互助码】3a1db035-93ee-4e8d-8efa-a966c5c670be提交成功
【京东账号6（jd_kTJdbwJYjMWJ）的5G超级盲盒好友互助码】d8de9df0-01b9-4bae-8bc8-2f6f7375d284
【京东账号6（jd_kTJdbwJYjMWJ）的5G超级盲盒好友互助码】d8de9df0-01b9-4bae-8bc8-2f6f7375d284提交成功
【京东账号7（jd_5933cbbe13238）的5G超级盲盒好友互助码】add3c48e-03b0-4adc-8196-cfe369a48e95
【京东账号7（jd_5933cbbe13238）的5G超级盲盒好友互助码】add3c48e-03b0-4adc-8196-cfe369a48e95提交成功
【京东账号8（zhangbaobe）的5G超级盲盒好友互助码】6fb191d3-0b41-46b3-9fca-a568588809cb
【京东账号8（zhangbaobe）的5G超级盲盒好友互助码】6fb191d3-0b41-46b3-9fca-a568588809cb提交成功
【京东账号9（bio2012）的5G超级盲盒好友互助码】a6f200f9-5034-4923-997d-6e9618af7f63
【京东账号9（bio2012）的5G超级盲盒好友互助码】a6f200f9-5034-4923-997d-6e9618af7f63提交成功
【京东账号10（jd_umzDAMvDmySF）的5G超级盲盒好友互助码】6c012c02-e92e-4a71-aad4-8a516ee455bc
【京东账号10（jd_umzDAMvDmySF）的5G超级盲盒好友互助码】6c012c02-e92e-4a71-aad4-8a516ee455bc提交成功
【京东账号11（jd_vubiVNxHWuAk）的5G超级盲盒好友互助码】60c776f6-cbed-4129-b1fe-370486950965
【京东账号11（jd_vubiVNxHWuAk）的5G超级盲盒好友互助码】60c776f6-cbed-4129-b1fe-370486950965提交成功
